


Processing TicketsController#index (for 127.0.0.1 at 2011-04-08 18:45:46) [GET]
  [4;36;1mTicket Load (0.0ms)[0m   [0;1mSQLite3::SQLException: no such table: tickets: SELECT * FROM "tickets" [0m

ActiveRecord::StatementInvalid (SQLite3::SQLException: no such table: tickets: SELECT * FROM "tickets" ):
  app/controllers/tickets_controller.rb:5:in `index'

Rendered rescues/_trace (109.0ms)
Rendered rescues/_request_and_response (1.2ms)
Rendering rescues/layout (internal_server_error)
  [4;36;1mSQL (0.2ms)[0m   [0;1m SELECT name
 FROM sqlite_master
 WHERE type = 'table' AND NOT name = 'sqlite_sequence'
[0m
  [4;35;1mSQL (0.1ms)[0m   [0mselect sqlite_version(*)[0m
  [4;36;1mSQL (1.6ms)[0m   [0;1mCREATE TABLE "schema_migrations" ("version" varchar(255) NOT NULL) [0m
  [4;35;1mSQL (1.5ms)[0m   [0mCREATE UNIQUE INDEX "unique_schema_migrations" ON "schema_migrations" ("version")[0m
  [4;36;1mSQL (0.1ms)[0m   [0;1m SELECT name
 FROM sqlite_master
 WHERE type = 'table' AND NOT name = 'sqlite_sequence'
[0m
  [4;35;1mSQL (0.1ms)[0m   [0mSELECT version FROM schema_migrations[0m
Migrating to CreateTickets (20110408094459)
  [4;36;1mSQL (0.5ms)[0m   [0;1mCREATE TABLE "tickets" ("id" INTEGER PRIMARY KEY AUTOINCREMENT NOT NULL, "name" varchar(255), "seat_id_seq" varchar(255), "address" text, "price_paid" decimal, "email_address" varchar(255), "created_at" datetime, "updated_at" datetime) [0m
  [4;35;1mSQL (0.1ms)[0m   [0mINSERT INTO schema_migrations (version) VALUES ('20110408094459')[0m
  [4;36;1mSQL (0.3ms)[0m   [0;1m SELECT name
 FROM sqlite_master
 WHERE type = 'table' AND NOT name = 'sqlite_sequence'
[0m
  [4;35;1mSQL (0.1ms)[0m   [0mSELECT version FROM schema_migrations[0m
  [4;36;1mSQL (0.1ms)[0m   [0;1m SELECT name
 FROM sqlite_master
 WHERE type = 'table' AND NOT name = 'sqlite_sequence'
[0m
  [4;35;1mSQL (0.0ms)[0m   [0mPRAGMA index_list("tickets")[0m


Processing TicketsController#index (for 127.0.0.1 at 2011-04-08 18:50:10) [GET]
  [4;36;1mTicket Load (0.4ms)[0m   [0;1mSELECT * FROM "tickets" [0m
Rendering template within layouts/tickets
Rendering tickets/index
Completed in 61ms (View: 57, DB: 0) | 200 OK [http://localhost/tickets]


Processing TicketsController#new (for 127.0.0.1 at 2011-04-08 18:50:21) [GET]
Rendering template within layouts/tickets
Rendering tickets/new
Completed in 16ms (View: 11, DB: 0) | 200 OK [http://localhost/tickets/new]


Processing TicketsController#create (for 127.0.0.1 at 2011-04-08 18:51:19) [POST]
  Parameters: {"ticket"=>{"address"=>"address", "name"=>"name", "seat_id_seq"=>"seq", "price_paid"=>"daaaa", "email_address"=>"aaaa"}, "commit"=>"Create", "authenticity_token"=>"t7+yfl9im694W8uCwYGMAt/tavpq25i4fMNTcltqAsk="}
  [4;35;1mTicket Create (0.5ms)[0m   [0mINSERT INTO "tickets" ("name", "address", "seat_id_seq", "created_at", "updated_at", "price_paid", "email_address") VALUES('name', 'address', 'seq', '2011-04-08 09:51:19', '2011-04-08 09:51:19', 0.0, 'aaaa')[0m
Redirected to http://localhost:3000/tickets/1
Completed in 14ms (DB: 0) | 302 Found [http://localhost/tickets]


Processing TicketsController#show (for 127.0.0.1 at 2011-04-08 18:51:19) [GET]
  Parameters: {"id"=>"1"}
  [4;36;1mTicket Load (0.3ms)[0m   [0;1mSELECT * FROM "tickets" WHERE ("tickets"."id" = 1) [0m
Rendering template within layouts/tickets
Rendering tickets/show
Completed in 74ms (View: 68, DB: 0) | 200 OK [http://localhost/tickets/1]


Processing TicketsController#index (for 127.0.0.1 at 2011-04-08 18:51:29) [GET]
  [4;35;1mTicket Load (0.6ms)[0m   [0mSELECT * FROM "tickets" [0m
Rendering template within layouts/tickets
Rendering tickets/index
Completed in 15ms (View: 9, DB: 1) | 200 OK [http://localhost/tickets]


Processing TicketsController#show (for 127.0.0.1 at 2011-04-08 18:51:35) [GET]
  Parameters: {"id"=>"1"}
  [4;36;1mTicket Load (0.3ms)[0m   [0;1mSELECT * FROM "tickets" WHERE ("tickets"."id" = 1) [0m
Rendering template within layouts/tickets
Rendering tickets/show
Completed in 10ms (View: 5, DB: 0) | 200 OK [http://localhost/tickets/1]


Processing TicketsController#index (for 127.0.0.1 at 2011-04-08 18:51:37) [GET]
  [4;35;1mTicket Load (0.5ms)[0m   [0mSELECT * FROM "tickets" [0m
Rendering template within layouts/tickets
Rendering tickets/index
Completed in 12ms (View: 7, DB: 0) | 200 OK [http://localhost/tickets]


Processing TicketsController#edit (for 127.0.0.1 at 2011-04-08 18:51:38) [GET]
  Parameters: {"id"=>"1"}
  [4;36;1mTicket Load (0.2ms)[0m   [0;1mSELECT * FROM "tickets" WHERE ("tickets"."id" = 1) [0m
Rendering template within layouts/tickets
Rendering tickets/edit
Completed in 17ms (View: 11, DB: 0) | 200 OK [http://localhost/tickets/1/edit]


Processing TicketsController#edit (for 127.0.0.1 at 2011-04-08 19:08:35) [GET]
  Parameters: {"id"=>"1"}
  [4;36;1mTicket Load (0.3ms)[0m   [0;1mSELECT * FROM "tickets" WHERE ("tickets"."id" = 1) [0m
Rendering template within layouts/tickets
Rendering tickets/edit
Completed in 33ms (View: 27, DB: 0) | 200 OK [http://localhost/tickets/1/edit]


Processing TicketsController#update (for 127.0.0.1 at 2011-04-08 19:08:40) [PUT]
  Parameters: {"ticket"=>{"address"=>"address", "name"=>"name", "seat_id_seq"=>"seq", "price_paid"=>"0", "email_address"=>"aaaa"}, "commit"=>"Update", "authenticity_token"=>"t7+yfl9im694W8uCwYGMAt/tavpq25i4fMNTcltqAsk=", "id"=>"1"}
  [4;35;1mTicket Load (0.2ms)[0m   [0mSELECT * FROM "tickets" WHERE ("tickets"."id" = 1) [0m
Redirected to http://localhost:3000/tickets/1
Completed in 8ms (DB: 0) | 302 Found [http://localhost/tickets/1]


Processing TicketsController#show (for 127.0.0.1 at 2011-04-08 19:08:40) [GET]
  Parameters: {"id"=>"1"}
  [4;36;1mTicket Load (0.2ms)[0m   [0;1mSELECT * FROM "tickets" WHERE ("tickets"."id" = 1) [0m
Rendering template within layouts/tickets
Rendering tickets/show
Completed in 13ms (View: 8, DB: 0) | 200 OK [http://localhost/tickets/1]


Processing TicketsController#index (for 127.0.0.1 at 2011-04-08 19:08:44) [GET]
  [4;35;1mTicket Load (0.5ms)[0m   [0mSELECT * FROM "tickets" [0m
Rendering template within layouts/tickets
Rendering tickets/index
Completed in 81ms (View: 77, DB: 1) | 200 OK [http://localhost/tickets]


Processing TicketsController#show (for 127.0.0.1 at 2011-04-08 19:08:52) [GET]
  Parameters: {"id"=>"1"}
  [4;36;1mTicket Load (0.2ms)[0m   [0;1mSELECT * FROM "tickets" WHERE ("tickets"."id" = 1) [0m
Rendering template within layouts/tickets
Rendering tickets/show
Completed in 8ms (View: 3, DB: 0) | 200 OK [http://localhost/tickets/1]
  [4;36;1mSQL (0.4ms)[0m   [0;1m SELECT name
 FROM sqlite_master
 WHERE type = 'table' AND NOT name = 'sqlite_sequence'
[0m
  [4;35;1mSQL (0.1ms)[0m   [0mSELECT version FROM schema_migrations[0m
Migrating to CreateTickets (20110408094459)
Migrating to AddPhoneToTickets (20110408102522)
  [4;36;1mSQL (0.1ms)[0m   [0;1mselect sqlite_version(*)[0m
  [4;35;1mSQL (1.0ms)[0m   [0mALTER TABLE "tickets" ADD "phone" varchar(255)[0m
  [4;36;1mSQL (0.1ms)[0m   [0;1mINSERT INTO schema_migrations (version) VALUES ('20110408102522')[0m
  [4;35;1mSQL (0.3ms)[0m   [0m SELECT name
 FROM sqlite_master
 WHERE type = 'table' AND NOT name = 'sqlite_sequence'
[0m
  [4;36;1mSQL (0.1ms)[0m   [0;1mSELECT version FROM schema_migrations[0m
  [4;35;1mSQL (0.2ms)[0m   [0m SELECT name
 FROM sqlite_master
 WHERE type = 'table' AND NOT name = 'sqlite_sequence'
[0m
  [4;36;1mSQL (0.1ms)[0m   [0;1mPRAGMA index_list("tickets")[0m


Processing TicketsController#show (for 127.0.0.1 at 2011-04-08 19:28:38) [GET]
  Parameters: {"id"=>"1"}
  [4;36;1mTicket Load (0.3ms)[0m   [0;1mSELECT * FROM "tickets" WHERE ("tickets"."id" = 1) [0m
Rendering template within layouts/tickets
Rendering tickets/show
Completed in 29ms (View: 24, DB: 0) | 200 OK [http://localhost/tickets/1]


Processing TicketsController#edit (for 127.0.0.1 at 2011-04-08 19:28:40) [GET]
  Parameters: {"id"=>"1"}
  [4;35;1mTicket Load (0.2ms)[0m   [0mSELECT * FROM "tickets" WHERE ("tickets"."id" = 1) [0m
Rendering template within layouts/tickets
Rendering tickets/edit
Completed in 16ms (View: 11, DB: 0) | 200 OK [http://localhost/tickets/1/edit]


Processing TicketsController#update (for 127.0.0.1 at 2011-04-08 19:28:46) [PUT]
  Parameters: {"ticket"=>{"address"=>"address", "name"=>"name", "seat_id_seq"=>"seq", "price_paid"=>"0", "phone"=>"ssssss", "email_address"=>"aaaa"}, "commit"=>"Update", "authenticity_token"=>"t7+yfl9im694W8uCwYGMAt/tavpq25i4fMNTcltqAsk=", "id"=>"1"}
  [4;36;1mTicket Load (0.2ms)[0m   [0;1mSELECT * FROM "tickets" WHERE ("tickets"."id" = 1) [0m
  [4;35;1mTicket Update (0.3ms)[0m   [0mUPDATE "tickets" SET "phone" = 'ssssss', "updated_at" = '2011-04-08 10:28:46' WHERE "id" = 1[0m
Redirected to http://localhost:3000/tickets/1
Completed in 11ms (DB: 1) | 302 Found [http://localhost/tickets/1]


Processing TicketsController#show (for 127.0.0.1 at 2011-04-08 19:28:46) [GET]
  Parameters: {"id"=>"1"}
  [4;36;1mTicket Load (63.4ms)[0m   [0;1mSELECT * FROM "tickets" WHERE ("tickets"."id" = 1) [0m
Rendering template within layouts/tickets
Rendering tickets/show
Completed in 72ms (View: 3, DB: 63) | 200 OK [http://localhost/tickets/1]


Processing TicketsController#index (for 127.0.0.1 at 2011-04-08 19:28:49) [GET]
  [4;35;1mTicket Load (0.5ms)[0m   [0mSELECT * FROM "tickets" [0m
Rendering template within layouts/tickets
Rendering tickets/index
Completed in 15ms (View: 10, DB: 0) | 200 OK [http://localhost/tickets]


Processing TicketsController#index (for 127.0.0.1 at 2011-04-08 19:31:46) [GET]
  [4;36;1mTicket Load (0.6ms)[0m   [0;1mSELECT * FROM "tickets" [0m
Rendering template within layouts/tickets
Rendering tickets/index
Completed in 39ms (View: 28, DB: 1) | 200 OK [http://localhost/tickets]


Processing TicketsController#show (for 127.0.0.1 at 2011-04-08 19:31:49) [GET]
  Parameters: {"id"=>"1"}
  [4;35;1mTicket Load (0.3ms)[0m   [0mSELECT * FROM "tickets" WHERE ("tickets"."id" = 1) [0m
Rendering template within layouts/tickets
Rendering tickets/show
Completed in 13ms (View: 8, DB: 0) | 200 OK [http://localhost/tickets/1]
  [4;36;1mSQL (0.4ms)[0m   [0;1m SELECT name
 FROM sqlite_master
 WHERE type = 'table' AND NOT name = 'sqlite_sequence'
[0m
  [4;35;1mSQL (0.2ms)[0m   [0mSELECT version FROM schema_migrations[0m
Migrating to CreateTickets (20110408094459)
Migrating to AddPhoneToTickets (20110408102522)
Migrating to CreateEvents (20110408103927)
  [4;36;1mSQL (0.1ms)[0m   [0;1mselect sqlite_version(*)[0m
  [4;35;1mSQL (0.7ms)[0m   [0mCREATE TABLE "events" ("id" INTEGER PRIMARY KEY AUTOINCREMENT NOT NULL, "artist" varchar(255), "description" text, "price_low" decimal, "price_high" decimal, "event_date" date, "created_at" datetime, "updated_at" datetime) [0m
  [4;36;1mSQL (0.4ms)[0m   [0;1mINSERT INTO schema_migrations (version) VALUES ('20110408103927')[0m
  [4;35;1mSQL (0.3ms)[0m   [0m SELECT name
 FROM sqlite_master
 WHERE type = 'table' AND NOT name = 'sqlite_sequence'
[0m
  [4;36;1mSQL (0.2ms)[0m   [0;1mSELECT version FROM schema_migrations[0m
  [4;35;1mSQL (0.2ms)[0m   [0m SELECT name
 FROM sqlite_master
 WHERE type = 'table' AND NOT name = 'sqlite_sequence'
[0m
  [4;36;1mSQL (0.0ms)[0m   [0;1mPRAGMA index_list("events")[0m
  [4;35;1mSQL (0.1ms)[0m   [0mPRAGMA index_list("tickets")[0m


Processing TicketsController#show (for 127.0.0.1 at 2011-04-08 19:44:49) [GET]
  Parameters: {"id"=>"1"}
  [4;36;1mTicket Load (0.4ms)[0m   [0;1mSELECT * FROM "tickets" WHERE ("tickets"."id" = 1) [0m
Rendering template within layouts/tickets
Rendering tickets/show
Completed in 33ms (View: 26, DB: 0) | 200 OK [http://localhost/tickets/1]


Processing TicketsController#index (for 127.0.0.1 at 2011-04-08 19:45:11) [GET]
  [4;35;1mTicket Load (0.5ms)[0m   [0mSELECT * FROM "tickets" [0m
Rendering template within layouts/tickets
Rendering tickets/index
Completed in 23ms (View: 15, DB: 1) | 200 OK [http://localhost/tickets]


Processing TicketsController#new (for 127.0.0.1 at 2011-04-08 19:45:14) [GET]
Rendering template within layouts/tickets
Rendering tickets/new
Completed in 79ms (View: 74, DB: 0) | 200 OK [http://localhost/tickets/new]


Processing TicketsController#create (for 127.0.0.1 at 2011-04-08 19:45:17) [POST]
  Parameters: {"ticket"=>{"address"=>"", "name"=>"", "seat_id_seq"=>"", "price_paid"=>"", "phone"=>"", "email_address"=>""}, "commit"=>"Create", "authenticity_token"=>"t7+yfl9im694W8uCwYGMAt/tavpq25i4fMNTcltqAsk="}
  [4;36;1mTicket Create (0.4ms)[0m   [0;1mINSERT INTO "tickets" ("name", "address", "seat_id_seq", "created_at", "updated_at", "price_paid", "phone", "email_address") VALUES('', '', '', '2011-04-08 10:45:17', '2011-04-08 10:45:17', NULL, '', '')[0m
Redirected to http://localhost:3000/tickets/2
Completed in 11ms (DB: 0) | 302 Found [http://localhost/tickets]


Processing TicketsController#show (for 127.0.0.1 at 2011-04-08 19:45:17) [GET]
  Parameters: {"id"=>"2"}
  [4;35;1mTicket Load (0.2ms)[0m   [0mSELECT * FROM "tickets" WHERE ("tickets"."id" = 2) [0m
Rendering template within layouts/tickets
Rendering tickets/show
Completed in 9ms (View: 4, DB: 0) | 200 OK [http://localhost/tickets/2]


Processing TicketsController#index (for 127.0.0.1 at 2011-04-08 19:45:20) [GET]
  [4;36;1mTicket Load (0.6ms)[0m   [0;1mSELECT * FROM "tickets" [0m
Rendering template within layouts/tickets
Rendering tickets/index
Completed in 17ms (View: 9, DB: 1) | 200 OK [http://localhost/tickets]


Processing EventsController#index (for 127.0.0.1 at 2011-04-08 19:45:41) [GET]
  [4;35;1mEvent Load (0.4ms)[0m   [0mSELECT * FROM "events" [0m
Rendering template within layouts/events
Rendering events/index
Completed in 18ms (View: 12, DB: 0) | 200 OK [http://localhost/events]


Processing EventsController#new (for 127.0.0.1 at 2011-04-08 19:45:45) [GET]
Rendering template within layouts/events
Rendering events/new
Completed in 185ms (View: 180, DB: 0) | 200 OK [http://localhost/events/new]


Processing EventsController#create (for 127.0.0.1 at 2011-04-08 19:45:53) [POST]
  Parameters: {"commit"=>"Create", "authenticity_token"=>"t7+yfl9im694W8uCwYGMAt/tavpq25i4fMNTcltqAsk=", "event"=>{"artist"=>"aaaa", "price_high"=>"aaa", "event_date(1i)"=>"2011", "description"=>"aaa", "event_date(2i)"=>"4", "event_date(3i)"=>"8", "price_low"=>"aaa"}}
  [4;36;1mEvent Create (0.4ms)[0m   [0;1mINSERT INTO "events" ("artist", "created_at", "updated_at", "price_high", "description", "price_low", "event_date") VALUES('aaaa', '2011-04-08 10:45:53', '2011-04-08 10:45:53', 0.0, 'aaa', 0.0, '2011-04-08')[0m
Redirected to http://localhost:3000/events/1
Completed in 11ms (DB: 0) | 302 Found [http://localhost/events]


Processing EventsController#show (for 127.0.0.1 at 2011-04-08 19:45:53) [GET]
  Parameters: {"id"=>"1"}
  [4;35;1mEvent Load (0.2ms)[0m   [0mSELECT * FROM "events" WHERE ("events"."id" = 1) [0m
Rendering template within layouts/events
Rendering events/show
Completed in 14ms (View: 9, DB: 0) | 200 OK [http://localhost/events/1]


Processing EventsController#index (for 127.0.0.1 at 2011-04-08 19:45:59) [GET]
  [4;36;1mEvent Load (0.5ms)[0m   [0;1mSELECT * FROM "events" [0m
Rendering template within layouts/events
Rendering events/index
Completed in 10ms (View: 6, DB: 1) | 200 OK [http://localhost/events]
  [4;36;1mSQL (0.5ms)[0m   [0;1m SELECT name
 FROM sqlite_master
 WHERE type = 'table' AND NOT name = 'sqlite_sequence'
[0m
  [4;35;1mSQL (0.2ms)[0m   [0mSELECT version FROM schema_migrations[0m
Migrating to CreateTickets (20110408094459)
Migrating to AddPhoneToTickets (20110408102522)
Migrating to CreateEvents (20110408103927)
Migrating to CreateAds (20110408110953)
  [4;36;1mSQL (0.1ms)[0m   [0;1mselect sqlite_version(*)[0m
  [4;35;1mSQL (0.5ms)[0m   [0mCREATE TABLE "ads" ("id" INTEGER PRIMARY KEY AUTOINCREMENT NOT NULL, "name" varchar(255), "description" text, "price" decimal, "seller_id" integer, "email" varchar(255), "img_url" varchar(255), "created_at" datetime, "updated_at" datetime) [0m
  [4;36;1mSQL (0.3ms)[0m   [0;1mINSERT INTO schema_migrations (version) VALUES ('20110408110953')[0m
  [4;35;1mSQL (0.4ms)[0m   [0m SELECT name
 FROM sqlite_master
 WHERE type = 'table' AND NOT name = 'sqlite_sequence'
[0m
  [4;36;1mSQL (0.2ms)[0m   [0;1mSELECT version FROM schema_migrations[0m
  [4;35;1mSQL (0.2ms)[0m   [0m SELECT name
 FROM sqlite_master
 WHERE type = 'table' AND NOT name = 'sqlite_sequence'
[0m
  [4;36;1mSQL (0.1ms)[0m   [0;1mPRAGMA index_list("ads")[0m
  [4;35;1mSQL (0.1ms)[0m   [0mPRAGMA index_list("events")[0m
  [4;36;1mSQL (0.0ms)[0m   [0;1mPRAGMA index_list("tickets")[0m


Processing TicketsController#index (for 127.0.0.1 at 2011-08-10 00:11:06) [GET]
  [4;36;1mTicket Load (1.0ms)[0m   [0;1mSELECT * FROM "tickets" [0m
Rendering template within layouts/tickets
Rendering tickets/index
Completed in 92ms (View: 86, DB: 1) | 200 OK [http://localhost/tickets]


Processing TicketsController#new (for 127.0.0.1 at 2011-08-10 00:11:13) [GET]
Rendering template within layouts/tickets
Rendering tickets/new
Completed in 43ms (View: 38, DB: 0) | 200 OK [http://localhost/tickets/new]


Processing TicketsController#show (for 127.0.0.1 at 2011-08-10 00:11:20) [GET]
  Parameters: {"id"=>"1"}
  [4;35;1mTicket Load (0.3ms)[0m   [0mSELECT * FROM "tickets" WHERE ("tickets"."id" = 1) [0m
Rendering template within layouts/tickets
Rendering tickets/show
Completed in 28ms (View: 22, DB: 0) | 200 OK [http://localhost/tickets/1]
